This file contains any messages produced by compilers while
running configure, to aid debugging if configure makes a mistake.

It was created by configure, which was
generated by GNU Autoconf 2.59.  Invocation command line was

  $ ./configure --with-cfitsio-include=/lab/software/apparatus3/cpp/cfitsio/ --with-cfitsio-libdir=/lab/software/apparatus3/cpp/cfitsio/

## --------- ##
## Platform. ##
## --------- ##

hostname = atomcool.rice.edu
uname -m = i686
uname -r = 2.6.18-238.1.1.el5
uname -s = Linux
uname -v = #1 SMP Tue Jan 4 13:34:58 EST 2011

/usr/bin/uname -p = unknown
/bin/uname -X     = unknown

/bin/arch              = i686
/usr/bin/arch -k       = unknown
/usr/convex/getsysinfo = unknown
hostinfo               = unknown
/bin/machine           = unknown
/usr/bin/oslevel       = unknown
/bin/universe          = unknown

PATH: /usr/kerberos/bin
PATH: /usr/local/bin
PATH: /bin
PATH: /usr/bin
PATH: /opt/rice/mathematica-7.0.1/Executables
PATH: /usr/local/texlive/2011/bin/i386-linux
PATH: /sbin
PATH: /lab/software/apparatus3/bin
PATH: /lab/software/apparatus3/bin/pythongui
PATH: /home/pedro/bin
PATH: /lab/software/apparatus3/bin


## ----------- ##
## Core tests. ##
## ----------- ##

configure:1538: checking build system type
configure:1556: result: i686-pc-linux-gnu
configure:1564: checking host system type
configure:1578: result: i686-pc-linux-gnu
configure:1586: checking target system type
configure:1600: result: i686-pc-linux-gnu
configure:1628: checking for a BSD-compatible install
configure:1683: result: /usr/bin/install -c
configure:1694: checking whether build environment is sane
configure:1737: result: yes
configure:1802: checking for gawk
configure:1818: found /bin/gawk
configure:1828: result: gawk
configure:1838: checking whether make sets $(MAKE)
configure:1858: result: yes
configure:2086: checking for g++
configure:2102: found /usr/bin/g++
configure:2112: result: g++
configure:2128: checking for C++ compiler version
configure:2131: g++ --version </dev/null >&5
g++ (GCC) 4.1.2 20080704 (Red Hat 4.1.2-52)
Copyright (C) 2006 Free Software Foundation, Inc.
This is free software; see the source for copying conditions.  There is NO
warranty; not even for MERCHANTABILITY or FITNESS FOR A PARTICULAR PURPOSE.

configure:2134: $? = 0
configure:2136: g++ -v </dev/null >&5
Using built-in specs.
Target: i386-redhat-linux
Configured with: ../configure --prefix=/usr --mandir=/usr/share/man --infodir=/usr/share/info --enable-shared --enable-threads=posix --enable-checking=release --with-system-zlib --enable-__cxa_atexit --disable-libunwind-exceptions --enable-libgcj-multifile --enable-languages=c,c++,objc,obj-c++,java,fortran,ada --enable-java-awt=gtk --disable-dssi --disable-plugin --with-java-home=/usr/lib/jvm/java-1.4.2-gcj-1.4.2.0/jre --with-cpu=generic --host=i386-redhat-linux
Thread model: posix
gcc version 4.1.2 20080704 (Red Hat 4.1.2-52)
configure:2139: $? = 0
configure:2141: g++ -V </dev/null >&5
g++: '-V' option must have argument
configure:2144: $? = 1
configure:2167: checking for C++ compiler default output file name
configure:2170: g++    conftest.cc  >&5
configure:2173: $? = 0
configure:2219: result: a.out
configure:2224: checking whether the C++ compiler works
configure:2230: ./a.out
configure:2233: $? = 0
configure:2250: result: yes
configure:2257: checking whether we are cross compiling
configure:2259: result: no
configure:2262: checking for suffix of executables
configure:2264: g++ -o conftest    conftest.cc  >&5
configure:2267: $? = 0
configure:2292: result: 
configure:2298: checking for suffix of object files
configure:2319: g++ -c   conftest.cc >&5
configure:2322: $? = 0
configure:2344: result: o
configure:2348: checking whether we are using the GNU C++ compiler
configure:2372: g++ -c   conftest.cc >&5
configure:2378: $? = 0
configure:2382: test -z 
			 || test ! -s conftest.err
configure:2385: $? = 0
configure:2388: test -s conftest.o
configure:2391: $? = 0
configure:2404: result: yes
configure:2410: checking whether g++ accepts -g
configure:2431: g++ -c -g  conftest.cc >&5
configure:2437: $? = 0
configure:2441: test -z 
			 || test ! -s conftest.err
configure:2444: $? = 0
configure:2447: test -s conftest.o
configure:2450: $? = 0
configure:2461: result: yes
configure:2503: g++ -c -g -O2  conftest.cc >&5
configure:2509: $? = 0
configure:2513: test -z 
			 || test ! -s conftest.err
configure:2516: $? = 0
configure:2519: test -s conftest.o
configure:2522: $? = 0
configure:2548: g++ -c -g -O2  conftest.cc >&5
conftest.cc: In function 'int main()':
conftest.cc:15: error: 'exit' was not declared in this scope
configure:2554: $? = 1
configure: failed program was:
| /* confdefs.h.  */
| 
| #define PACKAGE_NAME ""
| #define PACKAGE_TARNAME ""
| #define PACKAGE_VERSION ""
| #define PACKAGE_STRING ""
| #define PACKAGE_BUGREPORT ""
| #define PACKAGE "CCfits"
| #define VERSION "2.4"
| /* end confdefs.h.  */
| 
| int
| main ()
| {
| exit (42);
|   ;
|   return 0;
| }
configure:2503: g++ -c -g -O2  conftest.cc >&5
configure:2509: $? = 0
configure:2513: test -z 
			 || test ! -s conftest.err
configure:2516: $? = 0
configure:2519: test -s conftest.o
configure:2522: $? = 0
configure:2548: g++ -c -g -O2  conftest.cc >&5
configure:2554: $? = 0
configure:2558: test -z 
			 || test ! -s conftest.err
configure:2561: $? = 0
configure:2564: test -s conftest.o
configure:2567: $? = 0
configure:2601: checking for style of include used by make
configure:2629: result: GNU
configure:2657: checking dependency style of g++
configure:2747: result: gcc3
configure:2893: checking for gcc
configure:2919: result: g++
configure:3163: checking for C compiler version
configure:3166: g++ --version </dev/null >&5
g++ (GCC) 4.1.2 20080704 (Red Hat 4.1.2-52)
Copyright (C) 2006 Free Software Foundation, Inc.
This is free software; see the source for copying conditions.  There is NO
warranty; not even for MERCHANTABILITY or FITNESS FOR A PARTICULAR PURPOSE.

configure:3169: $? = 0
configure:3171: g++ -v </dev/null >&5
Using built-in specs.
Target: i386-redhat-linux
Configured with: ../configure --prefix=/usr --mandir=/usr/share/man --infodir=/usr/share/info --enable-shared --enable-threads=posix --enable-checking=release --with-system-zlib --enable-__cxa_atexit --disable-libunwind-exceptions --enable-libgcj-multifile --enable-languages=c,c++,objc,obj-c++,java,fortran,ada --enable-java-awt=gtk --disable-dssi --disable-plugin --with-java-home=/usr/lib/jvm/java-1.4.2-gcj-1.4.2.0/jre --with-cpu=generic --host=i386-redhat-linux
Thread model: posix
gcc version 4.1.2 20080704 (Red Hat 4.1.2-52)
configure:3174: $? = 0
configure:3176: g++ -V </dev/null >&5
g++: '-V' option must have argument
configure:3179: $? = 1
configure:3182: checking whether we are using the GNU C compiler
configure:3206: g++ -c   conftest.c >&5
configure:3212: $? = 0
configure:3216: test -z 
			 || test ! -s conftest.err
configure:3219: $? = 0
configure:3222: test -s conftest.o
configure:3225: $? = 0
configure:3238: result: yes
configure:3244: checking whether g++ accepts -g
configure:3265: g++ -c -g  conftest.c >&5
configure:3271: $? = 0
configure:3275: test -z 
			 || test ! -s conftest.err
configure:3278: $? = 0
configure:3281: test -s conftest.o
configure:3284: $? = 0
configure:3295: result: yes
configure:3312: checking for g++ option to accept ANSI C
configure:3382: g++  -c -g -O2  conftest.c >&5
conftest.c:21: error: 'p' was not declared in this scope
conftest.c:21: error: 'i' was not declared in this scope
conftest.c:21: error: initializer expression list treated as compound expression
conftest.c:22: error: expected ',' or ';' before 'char'
conftest.c:24: error: expected unqualified-id before '{' token
conftest.c: In function 'int main()':
conftest.c:55: error: cannot convert 'char*' to 'char* (*)(char**, int)' for argument '1' to 'char* f(char* (*)(char**, int), char**, ...)'
conftest.c:55: error: cannot convert 'char*' to 'char* (*)(char**, int)' for argument '1' to 'char* f(char* (*)(char**, int), char**, ...)'
configure:3388: $? = 1
configure: failed program was:
| /* confdefs.h.  */
| 
| #define PACKAGE_NAME ""
| #define PACKAGE_TARNAME ""
| #define PACKAGE_VERSION ""
| #define PACKAGE_STRING ""
| #define PACKAGE_BUGREPORT ""
| #define PACKAGE "CCfits"
| #define VERSION "2.4"
| #ifdef __cplusplus
| extern "C" void std::exit (int) throw (); using std::exit;
| #endif
| /* end confdefs.h.  */
| #include <stdarg.h>
| #include <stdio.h>
| #include <sys/types.h>
| #include <sys/stat.h>
| /* Most of the following tests are stolen from RCS 5.7's src/conf.sh.  */
| struct buf { int x; };
| FILE * (*rcsopen) (struct buf *, struct stat *, int);
| static char *e (p, i)
|      char **p;
|      int i;
| {
|   return p[i];
| }
| static char *f (char * (*g) (char **, int), char **p, ...)
| {
|   char *s;
|   va_list v;
|   va_start (v,p);
|   s = g (p, va_arg (v,int));
|   va_end (v);
|   return s;
| }
| 
| /* OSF 4.0 Compaq cc is some sort of almost-ANSI by default.  It has
|    function prototypes and stuff, but not '\xHH' hex character constants.
|    These don't provoke an error unfortunately, instead are silently treated
|    as 'x'.  The following induces an error, until -std1 is added to get
|    proper ANSI mode.  Curiously '\x00'!='x' always comes out true, for an
|    array size at least.  It's necessary to write '\x00'==0 to get something
|    that's true only with -std1.  */
| int osf4_cc_array ['\x00' == 0 ? 1 : -1];
| 
| int test (int i, double x);
| struct s1 {int (*f) (int a);};
| struct s2 {int (*f) (double a);};
| int pairnames (int, char **, FILE *(*)(struct buf *, struct stat *, int), int, int);
| int argc;
| char **argv;
| int
| main ()
| {
| return f (e, argv, 0) != argv[0]  ||  f (e, argv, 1) != argv[1];
|   ;
|   return 0;
| }
configure:3382: g++ -qlanglvl=ansi -c -g -O2  conftest.c >&5
g++: unrecognized option '-qlanglvl=ansi'
conftest.c:21: error: 'p' was not declared in this scope
conftest.c:21: error: 'i' was not declared in this scope
conftest.c:21: error: initializer expression list treated as compound expression
conftest.c:22: error: expected ',' or ';' before 'char'
conftest.c:24: error: expected unqualified-id before '{' token
conftest.c: In function 'int main()':
conftest.c:55: error: cannot convert 'char*' to 'char* (*)(char**, int)' for argument '1' to 'char* f(char* (*)(char**, int), char**, ...)'
conftest.c:55: error: cannot convert 'char*' to 'char* (*)(char**, int)' for argument '1' to 'char* f(char* (*)(char**, int), char**, ...)'
configure:3388: $? = 1
configure: failed program was:
| /* confdefs.h.  */
| 
| #define PACKAGE_NAME ""
| #define PACKAGE_TARNAME ""
| #define PACKAGE_VERSION ""
| #define PACKAGE_STRING ""
| #define PACKAGE_BUGREPORT ""
| #define PACKAGE "CCfits"
| #define VERSION "2.4"
| #ifdef __cplusplus
| extern "C" void std::exit (int) throw (); using std::exit;
| #endif
| /* end confdefs.h.  */
| #include <stdarg.h>
| #include <stdio.h>
| #include <sys/types.h>
| #include <sys/stat.h>
| /* Most of the following tests are stolen from RCS 5.7's src/conf.sh.  */
| struct buf { int x; };
| FILE * (*rcsopen) (struct buf *, struct stat *, int);
| static char *e (p, i)
|      char **p;
|      int i;
| {
|   return p[i];
| }
| static char *f (char * (*g) (char **, int), char **p, ...)
| {
|   char *s;
|   va_list v;
|   va_start (v,p);
|   s = g (p, va_arg (v,int));
|   va_end (v);
|   return s;
| }
| 
| /* OSF 4.0 Compaq cc is some sort of almost-ANSI by default.  It has
|    function prototypes and stuff, but not '\xHH' hex character constants.
|    These don't provoke an error unfortunately, instead are silently treated
|    as 'x'.  The following induces an error, until -std1 is added to get
|    proper ANSI mode.  Curiously '\x00'!='x' always comes out true, for an
|    array size at least.  It's necessary to write '\x00'==0 to get something
|    that's true only with -std1.  */
| int osf4_cc_array ['\x00' == 0 ? 1 : -1];
| 
| int test (int i, double x);
| struct s1 {int (*f) (int a);};
| struct s2 {int (*f) (double a);};
| int pairnames (int, char **, FILE *(*)(struct buf *, struct stat *, int), int, int);
| int argc;
| char **argv;
| int
| main ()
| {
| return f (e, argv, 0) != argv[0]  ||  f (e, argv, 1) != argv[1];
|   ;
|   return 0;
| }
configure:3382: g++ -std1 -c -g -O2  conftest.c >&5
cc1plus: error: unrecognized command line option "-std1"
configure:3388: $? = 1
configure: failed program was:
| /* confdefs.h.  */
| 
| #define PACKAGE_NAME ""
| #define PACKAGE_TARNAME ""
| #define PACKAGE_VERSION ""
| #define PACKAGE_STRING ""
| #define PACKAGE_BUGREPORT ""
| #define PACKAGE "CCfits"
| #define VERSION "2.4"
| #ifdef __cplusplus
| extern "C" void std::exit (int) throw (); using std::exit;
| #endif
| /* end confdefs.h.  */
| #include <stdarg.h>
| #include <stdio.h>
| #include <sys/types.h>
| #include <sys/stat.h>
| /* Most of the following tests are stolen from RCS 5.7's src/conf.sh.  */
| struct buf { int x; };
| FILE * (*rcsopen) (struct buf *, struct stat *, int);
| static char *e (p, i)
|      char **p;
|      int i;
| {
|   return p[i];
| }
| static char *f (char * (*g) (char **, int), char **p, ...)
| {
|   char *s;
|   va_list v;
|   va_start (v,p);
|   s = g (p, va_arg (v,int));
|   va_end (v);
|   return s;
| }
| 
| /* OSF 4.0 Compaq cc is some sort of almost-ANSI by default.  It has
|    function prototypes and stuff, but not '\xHH' hex character constants.
|    These don't provoke an error unfortunately, instead are silently treated
|    as 'x'.  The following induces an error, until -std1 is added to get
|    proper ANSI mode.  Curiously '\x00'!='x' always comes out true, for an
|    array size at least.  It's necessary to write '\x00'==0 to get something
|    that's true only with -std1.  */
| int osf4_cc_array ['\x00' == 0 ? 1 : -1];
| 
| int test (int i, double x);
| struct s1 {int (*f) (int a);};
| struct s2 {int (*f) (double a);};
| int pairnames (int, char **, FILE *(*)(struct buf *, struct stat *, int), int, int);
| int argc;
| char **argv;
| int
| main ()
| {
| return f (e, argv, 0) != argv[0]  ||  f (e, argv, 1) != argv[1];
|   ;
|   return 0;
| }
configure:3382: g++ -Ae -c -g -O2  conftest.c >&5
<command line>:1:2: error: missing '(' after predicate
conftest.c:21: error: 'p' was not declared in this scope
conftest.c:21: error: 'i' was not declared in this scope
conftest.c:21: error: initializer expression list treated as compound expression
conftest.c:22: error: expected ',' or ';' before 'char'
conftest.c:24: error: expected unqualified-id before '{' token
conftest.c: In function 'int main()':
conftest.c:55: error: cannot convert 'char*' to 'char* (*)(char**, int)' for argument '1' to 'char* f(char* (*)(char**, int), char**, ...)'
conftest.c:55: error: cannot convert 'char*' to 'char* (*)(char**, int)' for argument '1' to 'char* f(char* (*)(char**, int), char**, ...)'
configure:3388: $? = 1
configure: failed program was:
| /* confdefs.h.  */
| 
| #define PACKAGE_NAME ""
| #define PACKAGE_TARNAME ""
| #define PACKAGE_VERSION ""
| #define PACKAGE_STRING ""
| #define PACKAGE_BUGREPORT ""
| #define PACKAGE "CCfits"
| #define VERSION "2.4"
| #ifdef __cplusplus
| extern "C" void std::exit (int) throw (); using std::exit;
| #endif
| /* end confdefs.h.  */
| #include <stdarg.h>
| #include <stdio.h>
| #include <sys/types.h>
| #include <sys/stat.h>
| /* Most of the following tests are stolen from RCS 5.7's src/conf.sh.  */
| struct buf { int x; };
| FILE * (*rcsopen) (struct buf *, struct stat *, int);
| static char *e (p, i)
|      char **p;
|      int i;
| {
|   return p[i];
| }
| static char *f (char * (*g) (char **, int), char **p, ...)
| {
|   char *s;
|   va_list v;
|   va_start (v,p);
|   s = g (p, va_arg (v,int));
|   va_end (v);
|   return s;
| }
| 
| /* OSF 4.0 Compaq cc is some sort of almost-ANSI by default.  It has
|    function prototypes and stuff, but not '\xHH' hex character constants.
|    These don't provoke an error unfortunately, instead are silently treated
|    as 'x'.  The following induces an error, until -std1 is added to get
|    proper ANSI mode.  Curiously '\x00'!='x' always comes out true, for an
|    array size at least.  It's necessary to write '\x00'==0 to get something
|    that's true only with -std1.  */
| int osf4_cc_array ['\x00' == 0 ? 1 : -1];
| 
| int test (int i, double x);
| struct s1 {int (*f) (int a);};
| struct s2 {int (*f) (double a);};
| int pairnames (int, char **, FILE *(*)(struct buf *, struct stat *, int), int, int);
| int argc;
| char **argv;
| int
| main ()
| {
| return f (e, argv, 0) != argv[0]  ||  f (e, argv, 1) != argv[1];
|   ;
|   return 0;
| }
configure:3382: g++ -Aa -D_HPUX_SOURCE -c -g -O2  conftest.c >&5
<command line>:1:2: error: missing '(' after predicate
conftest.c:21: error: 'p' was not declared in this scope
conftest.c:21: error: 'i' was not declared in this scope
conftest.c:21: error: initializer expression list treated as compound expression
conftest.c:22: error: expected ',' or ';' before 'char'
conftest.c:24: error: expected unqualified-id before '{' token
conftest.c: In function 'int main()':
conftest.c:55: error: cannot convert 'char*' to 'char* (*)(char**, int)' for argument '1' to 'char* f(char* (*)(char**, int), char**, ...)'
conftest.c:55: error: cannot convert 'char*' to 'char* (*)(char**, int)' for argument '1' to 'char* f(char* (*)(char**, int), char**, ...)'
configure:3388: $? = 1
configure: failed program was:
| /* confdefs.h.  */
| 
| #define PACKAGE_NAME ""
| #define PACKAGE_TARNAME ""
| #define PACKAGE_VERSION ""
| #define PACKAGE_STRING ""
| #define PACKAGE_BUGREPORT ""
| #define PACKAGE "CCfits"
| #define VERSION "2.4"
| #ifdef __cplusplus
| extern "C" void std::exit (int) throw (); using std::exit;
| #endif
| /* end confdefs.h.  */
| #include <stdarg.h>
| #include <stdio.h>
| #include <sys/types.h>
| #include <sys/stat.h>
| /* Most of the following tests are stolen from RCS 5.7's src/conf.sh.  */
| struct buf { int x; };
| FILE * (*rcsopen) (struct buf *, struct stat *, int);
| static char *e (p, i)
|      char **p;
|      int i;
| {
|   return p[i];
| }
| static char *f (char * (*g) (char **, int), char **p, ...)
| {
|   char *s;
|   va_list v;
|   va_start (v,p);
|   s = g (p, va_arg (v,int));
|   va_end (v);
|   return s;
| }
| 
| /* OSF 4.0 Compaq cc is some sort of almost-ANSI by default.  It has
|    function prototypes and stuff, but not '\xHH' hex character constants.
|    These don't provoke an error unfortunately, instead are silently treated
|    as 'x'.  The following induces an error, until -std1 is added to get
|    proper ANSI mode.  Curiously '\x00'!='x' always comes out true, for an
|    array size at least.  It's necessary to write '\x00'==0 to get something
|    that's true only with -std1.  */
| int osf4_cc_array ['\x00' == 0 ? 1 : -1];
| 
| int test (int i, double x);
| struct s1 {int (*f) (int a);};
| struct s2 {int (*f) (double a);};
| int pairnames (int, char **, FILE *(*)(struct buf *, struct stat *, int), int, int);
| int argc;
| char **argv;
| int
| main ()
| {
| return f (e, argv, 0) != argv[0]  ||  f (e, argv, 1) != argv[1];
|   ;
|   return 0;
| }
configure:3382: g++ -Xc -D__EXTENSIONS__ -c -g -O2  conftest.c >&5
g++: unrecognized option '-Xc'
conftest.c:21: error: 'p' was not declared in this scope
conftest.c:21: error: 'i' was not declared in this scope
conftest.c:21: error: initializer expression list treated as compound expression
conftest.c:22: error: expected ',' or ';' before 'char'
conftest.c:24: error: expected unqualified-id before '{' token
conftest.c: In function 'int main()':
conftest.c:55: error: cannot convert 'char*' to 'char* (*)(char**, int)' for argument '1' to 'char* f(char* (*)(char**, int), char**, ...)'
conftest.c:55: error: cannot convert 'char*' to 'char* (*)(char**, int)' for argument '1' to 'char* f(char* (*)(char**, int), char**, ...)'
configure:3388: $? = 1
configure: failed program was:
| /* confdefs.h.  */
| 
| #define PACKAGE_NAME ""
| #define PACKAGE_TARNAME ""
| #define PACKAGE_VERSION ""
| #define PACKAGE_STRING ""
| #define PACKAGE_BUGREPORT ""
| #define PACKAGE "CCfits"
| #define VERSION "2.4"
| #ifdef __cplusplus
| extern "C" void std::exit (int) throw (); using std::exit;
| #endif
| /* end confdefs.h.  */
| #include <stdarg.h>
| #include <stdio.h>
| #include <sys/types.h>
| #include <sys/stat.h>
| /* Most of the following tests are stolen from RCS 5.7's src/conf.sh.  */
| struct buf { int x; };
| FILE * (*rcsopen) (struct buf *, struct stat *, int);
| static char *e (p, i)
|      char **p;
|      int i;
| {
|   return p[i];
| }
| static char *f (char * (*g) (char **, int), char **p, ...)
| {
|   char *s;
|   va_list v;
|   va_start (v,p);
|   s = g (p, va_arg (v,int));
|   va_end (v);
|   return s;
| }
| 
| /* OSF 4.0 Compaq cc is some sort of almost-ANSI by default.  It has
|    function prototypes and stuff, but not '\xHH' hex character constants.
|    These don't provoke an error unfortunately, instead are silently treated
|    as 'x'.  The following induces an error, until -std1 is added to get
|    proper ANSI mode.  Curiously '\x00'!='x' always comes out true, for an
|    array size at least.  It's necessary to write '\x00'==0 to get something
|    that's true only with -std1.  */
| int osf4_cc_array ['\x00' == 0 ? 1 : -1];
| 
| int test (int i, double x);
| struct s1 {int (*f) (int a);};
| struct s2 {int (*f) (double a);};
| int pairnames (int, char **, FILE *(*)(struct buf *, struct stat *, int), int, int);
| int argc;
| char **argv;
| int
| main ()
| {
| return f (e, argv, 0) != argv[0]  ||  f (e, argv, 1) != argv[1];
|   ;
|   return 0;
| }
configure:3419: result: none needed
configure:3437: g++ -c -g -O2  conftest.c >&5
configure:3443: $? = 0
configure:3447: test -z 
			 || test ! -s conftest.err
configure:3450: $? = 0
configure:3453: test -s conftest.o
configure:3456: $? = 0
configure:3483: g++ -c -g -O2  conftest.c >&5
configure:3489: $? = 0
configure:3493: test -z 
			 || test ! -s conftest.err
configure:3496: $? = 0
configure:3499: test -s conftest.o
configure:3502: $? = 0
configure:3528: g++ -c -g -O2  conftest.c >&5
configure:3534: $? = 0
configure:3538: test -z 
			 || test ! -s conftest.err
configure:3541: $? = 0
configure:3544: test -s conftest.o
configure:3547: $? = 0
configure:3578: checking dependency style of g++
configure:3668: result: gcc3
configure:3685: checking for a sed that does not truncate output
configure:3741: result: /bin/sed
configure:3744: checking for egrep
configure:3754: result: grep -E
configure:3770: checking for ld used by g++
configure:3837: result: /usr/bin/ld
configure:3846: checking if the linker (/usr/bin/ld) is GNU ld
configure:3861: result: yes
configure:3866: checking for /usr/bin/ld option to reload object files
configure:3873: result: -r
configure:3891: checking for BSD-compatible nm
configure:3940: result: /usr/bin/nm -B
configure:3944: checking whether ln -s works
configure:3948: result: yes
configure:3955: checking how to recognise dependent libraries
configure:4131: result: pass_all
configure:4368: checking how to run the C preprocessor
configure:4403: g++ -E  conftest.c
configure:4409: $? = 0
configure:4441: g++ -E  conftest.c
conftest.c:14:28: error: ac_nonexistent.h: No such file or directory
configure:4447: $? = 1
configure: failed program was:
| /* confdefs.h.  */
| 
| #define PACKAGE_NAME ""
| #define PACKAGE_TARNAME ""
| #define PACKAGE_VERSION ""
| #define PACKAGE_STRING ""
| #define PACKAGE_BUGREPORT ""
| #define PACKAGE "CCfits"
| #define VERSION "2.4"
| #ifdef __cplusplus
| extern "C" void std::exit (int) throw (); using std::exit;
| #endif
| /* end confdefs.h.  */
| #include <ac_nonexistent.h>
configure:4486: result: g++ -E
configure:4510: g++ -E  conftest.c
configure:4516: $? = 0
configure:4548: g++ -E  conftest.c
conftest.c:14:28: error: ac_nonexistent.h: No such file or directory
configure:4554: $? = 1
configure: failed program was:
| /* confdefs.h.  */
| 
| #define PACKAGE_NAME ""
| #define PACKAGE_TARNAME ""
| #define PACKAGE_VERSION ""
| #define PACKAGE_STRING ""
| #define PACKAGE_BUGREPORT ""
| #define PACKAGE "CCfits"
| #define VERSION "2.4"
| #ifdef __cplusplus
| extern "C" void std::exit (int) throw (); using std::exit;
| #endif
| /* end confdefs.h.  */
| #include <ac_nonexistent.h>
configure:4598: checking for ANSI C header files
configure:4623: g++ -c -g -O2  conftest.c >&5
configure:4629: $? = 0
configure:4633: test -z 
			 || test ! -s conftest.err
configure:4636: $? = 0
configure:4639: test -s conftest.o
configure:4642: $? = 0
configure:4731: g++ -o conftest -g -O2   conftest.c  >&5
configure:4734: $? = 0
configure:4736: ./conftest
configure:4739: $? = 0
configure:4754: result: yes
configure:4778: checking for sys/types.h
configure:4794: g++ -c -g -O2  conftest.c >&5
configure:4800: $? = 0
configure:4804: test -z 
			 || test ! -s conftest.err
configure:4807: $? = 0
configure:4810: test -s conftest.o
configure:4813: $? = 0
configure:4824: result: yes
configure:4778: checking for sys/stat.h
configure:4794: g++ -c -g -O2  conftest.c >&5
configure:4800: $? = 0
configure:4804: test -z 
			 || test ! -s conftest.err
configure:4807: $? = 0
configure:4810: test -s conftest.o
configure:4813: $? = 0
configure:4824: result: yes
configure:4778: checking for stdlib.h
configure:4794: g++ -c -g -O2  conftest.c >&5
configure:4800: $? = 0
configure:4804: test -z 
			 || test ! -s conftest.err
configure:4807: $? = 0
configure:4810: test -s conftest.o
configure:4813: $? = 0
configure:4824: result: yes
configure:4778: checking for string.h
configure:4794: g++ -c -g -O2  conftest.c >&5
configure:4800: $? = 0
configure:4804: test -z 
			 || test ! -s conftest.err
configure:4807: $? = 0
configure:4810: test -s conftest.o
configure:4813: $? = 0
configure:4824: result: yes
configure:4778: checking for memory.h
configure:4794: g++ -c -g -O2  conftest.c >&5
configure:4800: $? = 0
configure:4804: test -z 
			 || test ! -s conftest.err
configure:4807: $? = 0
configure:4810: test -s conftest.o
configure:4813: $? = 0
configure:4824: result: yes
configure:4778: checking for strings.h
configure:4794: g++ -c -g -O2  conftest.c >&5
configure:4800: $? = 0
configure:4804: test -z 
			 || test ! -s conftest.err
configure:4807: $? = 0
configure:4810: test -s conftest.o
configure:4813: $? = 0
configure:4824: result: yes
configure:4778: checking for inttypes.h
configure:4794: g++ -c -g -O2  conftest.c >&5
configure:4800: $? = 0
configure:4804: test -z 
			 || test ! -s conftest.err
configure:4807: $? = 0
configure:4810: test -s conftest.o
configure:4813: $? = 0
configure:4824: result: yes
configure:4778: checking for stdint.h
configure:4794: g++ -c -g -O2  conftest.c >&5
configure:4800: $? = 0
configure:4804: test -z 
			 || test ! -s conftest.err
configure:4807: $? = 0
configure:4810: test -s conftest.o
configure:4813: $? = 0
configure:4824: result: yes
configure:4778: checking for unistd.h
configure:4794: g++ -c -g -O2  conftest.c >&5
configure:4800: $? = 0
configure:4804: test -z 
			 || test ! -s conftest.err
configure:4807: $? = 0
configure:4810: test -s conftest.o
configure:4813: $? = 0
configure:4824: result: yes
configure:4850: checking dlfcn.h usability
configure:4862: g++ -c -g -O2  conftest.c >&5
configure:4868: $? = 0
configure:4872: test -z 
			 || test ! -s conftest.err
configure:4875: $? = 0
configure:4878: test -s conftest.o
configure:4881: $? = 0
configure:4891: result: yes
configure:4895: checking dlfcn.h presence
configure:4905: g++ -E  conftest.c
configure:4911: $? = 0
configure:4931: result: yes
configure:4966: checking for dlfcn.h
configure:4973: result: yes
configure:4996: checking how to run the C++ preprocessor
configure:5027: g++ -E  conftest.cc
configure:5033: $? = 0
configure:5065: g++ -E  conftest.cc
conftest.cc:25:28: error: ac_nonexistent.h: No such file or directory
configure:5071: $? = 1
configure: failed program was:
| /* confdefs.h.  */
| 
| #define PACKAGE_NAME ""
| #define PACKAGE_TARNAME ""
| #define PACKAGE_VERSION ""
| #define PACKAGE_STRING ""
| #define PACKAGE_BUGREPORT ""
| #define PACKAGE "CCfits"
| #define VERSION "2.4"
| #ifdef __cplusplus
| extern "C" void std::exit (int) throw (); using std::exit;
| #endif
| #define STDC_HEADERS 1
| #define HAVE_SYS_TYPES_H 1
| #define HAVE_SYS_STAT_H 1
| #define HAVE_STDLIB_H 1
| #define HAVE_STRING_H 1
| #define HAVE_MEMORY_H 1
| #define HAVE_STRINGS_H 1
| #define HAVE_INTTYPES_H 1
| #define HAVE_STDINT_H 1
| #define HAVE_UNISTD_H 1
| #define HAVE_DLFCN_H 1
| /* end confdefs.h.  */
| #include <ac_nonexistent.h>
configure:5110: result: g++ -E
configure:5134: g++ -E  conftest.cc
configure:5140: $? = 0
configure:5172: g++ -E  conftest.cc
conftest.cc:25:28: error: ac_nonexistent.h: No such file or directory
configure:5178: $? = 1
configure: failed program was:
| /* confdefs.h.  */
| 
| #define PACKAGE_NAME ""
| #define PACKAGE_TARNAME ""
| #define PACKAGE_VERSION ""
| #define PACKAGE_STRING ""
| #define PACKAGE_BUGREPORT ""
| #define PACKAGE "CCfits"
| #define VERSION "2.4"
| #ifdef __cplusplus
| extern "C" void std::exit (int) throw (); using std::exit;
| #endif
| #define STDC_HEADERS 1
| #define HAVE_SYS_TYPES_H 1
| #define HAVE_SYS_STAT_H 1
| #define HAVE_STDLIB_H 1
| #define HAVE_STRING_H 1
| #define HAVE_MEMORY_H 1
| #define HAVE_STRINGS_H 1
| #define HAVE_INTTYPES_H 1
| #define HAVE_STDINT_H 1
| #define HAVE_UNISTD_H 1
| #define HAVE_DLFCN_H 1
| /* end confdefs.h.  */
| #include <ac_nonexistent.h>
configure:5275: checking for g77
configure:5291: found /usr/bin/g77
configure:5301: result: g77
configure:5316: checking for Fortran 77 compiler version
configure:5319: g77 --version </dev/null >&5
GNU Fortran (GCC) 3.4.6 20060404 (Red Hat 3.4.6-4.1)
Copyright (C) 2006 Free Software Foundation, Inc.

GNU Fortran comes with NO WARRANTY, to the extent permitted by law.
You may redistribute copies of GNU Fortran
under the terms of the GNU General Public License.
For more information about these matters, see the file named COPYING
or type the command `info -f g77 Copying'.
configure:5322: $? = 0
configure:5324: g77 -v </dev/null >&5
Reading specs from /usr/lib/gcc/i386-redhat-linux/3.4.6/specs
Configured with: ../configure --prefix=/usr --mandir=/usr/share/man --infodir=/usr/share/info --enable-shared --enable-threads=posix --disable-checking --with-system-zlib --enable-__cxa_atexit --disable-libunwind-exceptions --enable-languages=c,c++,f77 --disable-libgcj --host=i386-redhat-linux
Thread model: posix
gcc version 3.4.6 20060404 (Red Hat 3.4.6-4.1)
configure:5327: $? = 0
configure:5329: g77 -V </dev/null >&5
g77: `-V' option must have argument
configure:5332: $? = 1
configure:5340: checking whether we are using the GNU Fortran 77 compiler
configure:5354: g77 -c  conftest.F >&5
configure:5360: $? = 0
configure:5364: test -z 
			 || test ! -s conftest.err
configure:5367: $? = 0
configure:5370: test -s conftest.o
configure:5373: $? = 0
configure:5386: result: yes
configure:5392: checking whether g77 accepts -g
configure:5404: g77 -c -g conftest.f >&5
configure:5410: $? = 0
configure:5414: test -z 
			 || test ! -s conftest.err
configure:5417: $? = 0
configure:5420: test -s conftest.o
configure:5423: $? = 0
configure:5435: result: yes
configure:5465: checking the maximum length of command line arguments
configure:5574: result: 32768
configure:5585: checking command to parse /usr/bin/nm -B output from g++ object
configure:5690: g++ -c -g -O2  conftest.cc >&5
configure:5693: $? = 0
configure:5697: /usr/bin/nm -B conftest.o \| sed -n -e 's/^.*[ 	]\([ABCDGIRSTW][ABCDGIRSTW]*\)[ 	][ 	]*\([_A-Za-z][_A-Za-z0-9]*\)$/\1 \2 \2/p' \> conftest.nm
configure:5700: $? = 0
configure:5752: g++ -o conftest -g -O2   conftest.cc conftstm.o >&5
configure:5755: $? = 0
configure:5793: result: ok
configure:5797: checking for objdir
configure:5812: result: .libs
configure:5902: checking for ar
configure:5918: found /usr/bin/ar
configure:5929: result: ar
configure:5982: checking for ranlib
configure:5998: found /usr/bin/ranlib
configure:6009: result: ranlib
configure:6062: checking for strip
configure:6078: found /usr/bin/strip
configure:6089: result: strip
configure:6361: checking if g++ supports -fno-rtti -fno-exceptions
configure:6379: g++ -c -g -O2  -fno-rtti -fno-exceptions conftest.c >&5
configure:6383: $? = 0
configure:6396: result: yes
configure:6411: checking for g++ option to produce PIC
configure:6621: result: -fPIC
configure:6629: checking if g++ PIC flag -fPIC works
configure:6647: g++ -c -g -O2  -fPIC -DPIC conftest.c >&5
configure:6651: $? = 0
configure:6664: result: yes
configure:6692: checking if g++ static flag -static works
configure:6720: result: yes
configure:6730: checking if g++ supports -c -o file.o
configure:6751: g++ -c -g -O2  -o out/conftest2.o conftest.c >&5
configure:6755: $? = 0
configure:6777: result: yes
configure:6803: checking whether the g++ linker (/usr/bin/ld) supports shared libraries
configure:7761: result: yes
configure:7782: checking whether -lc should be explicitly linked in
configure:7787: g++ -c -g -O2  conftest.c >&5
configure:7790: $? = 0
configure:7805: g++ -shared conftest.o  -v -Wl,-soname -Wl,conftest -o conftest 2\>\&1 \| grep  -lc  \>/dev/null 2\>\&1
configure:7808: $? = 0
configure:7820: result: no
configure:7828: checking dynamic linker characteristics
configure:8437: result: GNU/Linux ld.so
configure:8446: checking how to hardcode library paths into programs
configure:8471: result: immediate
configure:8485: checking whether stripping libraries is possible
configure:8490: result: yes
configure:9324: checking if libtool supports shared libraries
configure:9326: result: yes
configure:9329: checking whether to build shared libraries
configure:9350: result: yes
configure:9353: checking whether to build static libraries
configure:9357: result: no
configure:9449: creating libtool
configure:10040: checking for ld used by g++
configure:10107: result: /usr/bin/ld
configure:10116: checking if the linker (/usr/bin/ld) is GNU ld
configure:10131: result: yes
configure:10182: checking whether the g++ linker (/usr/bin/ld) supports shared libraries
configure:11120: result: yes
configure:11138: g++ -c -g -O2  conftest.cpp >&5
configure:11141: $? = 0
configure:11260: checking for g++ option to produce PIC
configure:11534: result: -fPIC
configure:11542: checking if g++ PIC flag -fPIC works
configure:11560: g++ -c -g -O2  -fPIC -DPIC conftest.cpp >&5
configure:11564: $? = 0
configure:11577: result: yes
configure:11605: checking if g++ static flag -static works
configure:11633: result: yes
configure:11643: checking if g++ supports -c -o file.o
configure:11664: g++ -c -g -O2  -o out/conftest2.o conftest.cpp >&5
configure:11668: $? = 0
configure:11690: result: yes
configure:11716: checking whether the g++ linker (/usr/bin/ld) supports shared libraries
configure:11741: result: yes
configure:11808: checking dynamic linker characteristics
configure:12417: result: GNU/Linux ld.so
configure:12426: checking how to hardcode library paths into programs
configure:12451: result: immediate
configure:12980: checking if libtool supports shared libraries
configure:12982: result: yes
configure:12985: checking whether to build shared libraries
configure:13005: result: yes
configure:13008: checking whether to build static libraries
configure:13012: result: no
configure:13022: checking for g77 option to produce PIC
configure:13232: result: -fPIC
configure:13240: checking if g77 PIC flag -fPIC works
configure:13258: g77 -c -g -O2 -fPIC conftest.f >&5
configure:13262: $? = 0
configure:13275: result: yes
configure:13303: checking if g77 static flag -static works
configure:13331: result: yes
configure:13341: checking if g77 supports -c -o file.o
configure:13362: g77 -c -g -O2 -o out/conftest2.o conftest.f >&5
configure:13366: $? = 0
configure:13388: result: yes
configure:13414: checking whether the g77 linker (/usr/bin/ld) supports shared libraries
configure:14352: result: yes
configure:14419: checking dynamic linker characteristics
configure:15028: result: GNU/Linux ld.so
configure:15037: checking how to hardcode library paths into programs
configure:15062: result: immediate
configure:18658: checking for g++
configure:18676: found /usr/bin/g++
configure:18689: result: /usr/bin/g++
configure:18696: checking standard C++ library path
configure:18699: result: /usr/lib 
configure:18703: checking maximum warning verbosity option
configure:18727: result: -Wall for C++ -Wall for C
configure:18733: checking ansi C/C++ option
configure:18754: result: -ansi for C++ -ansi for C
configure:18762: checking for gmake
configure:18778: found /usr/bin/gmake
configure:18789: result: gmake
configure:18799: checking for main in -lstdc++
configure:18823: g++ -o conftest -g -O2 -Wall -ansi   conftest.cc -lstdc++   >&5
configure:18829: $? = 0
configure:18833: test -z 
			 || test ! -s conftest.err
configure:18836: $? = 0
configure:18839: test -s conftest
configure:18842: $? = 0
configure:18855: result: yes
configure:18911: checking for ffpss in -lcfitsio
configure:18941: g++ -o conftest -g -O2 -Wall -ansi  -I/lab/software/apparatus3/cpp/cfitsio/  -L/lab/software/apparatus3/cpp/cfitsio/ conftest.cc -lcfitsio   >&5
configure:18947: $? = 0
configure:18951: test -z 
			 || test ! -s conftest.err
configure:18954: $? = 0
configure:18957: test -s conftest
configure:18960: $? = 0
configure:18973: result: yes
configure:18996: checking fitsio.h usability
configure:19008: g++ -c -g -O2 -Wall -ansi  -I/lab/software/apparatus3/cpp/cfitsio/ conftest.cc >&5
configure:19014: $? = 0
configure:19018: test -z 
			 || test ! -s conftest.err
configure:19021: $? = 0
configure:19024: test -s conftest.o
configure:19027: $? = 0
configure:19037: result: yes
configure:19041: checking fitsio.h presence
configure:19051: g++ -E  -I/lab/software/apparatus3/cpp/cfitsio/ conftest.cc
configure:19057: $? = 0
configure:19077: result: yes
configure:19112: checking for fitsio.h
configure:19119: result: yes
configure:19139: result: cfitsio found.
configure:19154: checking whether the compiler implements namespaces
configure:19183: g++ -c -g -O2 -Wall -ansi  -I/lab/software/apparatus3/cpp/cfitsio/ conftest.cc >&5
configure:19189: $? = 0
configure:19193: test -z 
			 || test ! -s conftest.err
configure:19196: $? = 0
configure:19199: test -s conftest.o
configure:19202: $? = 0
configure:19220: result: yes
configure:19230: checking whether the compiler has valarray<T>
configure:19263: g++ -c -g -O2 -Wall -ansi  -I/lab/software/apparatus3/cpp/cfitsio/ conftest.cc >&5
configure:19269: $? = 0
configure:19273: test -z 
			 || test ! -s conftest.err
configure:19276: $? = 0
configure:19279: test -s conftest.o
configure:19282: $? = 0
configure:19300: result: yes
configure:19330: checking sstream usability
configure:19342: g++ -c -g -O2 -Wall -ansi  -I/lab/software/apparatus3/cpp/cfitsio/ conftest.cc >&5
configure:19348: $? = 0
configure:19352: test -z 
			 || test ! -s conftest.err
configure:19355: $? = 0
configure:19358: test -s conftest.o
configure:19361: $? = 0
configure:19371: result: yes
configure:19375: checking sstream presence
configure:19385: g++ -E  -I/lab/software/apparatus3/cpp/cfitsio/ conftest.cc
configure:19391: $? = 0
configure:19411: result: yes
configure:19446: checking for sstream
configure:19453: result: yes
configure:19756: creating ./config.status

## ---------------------- ##
## Running config.status. ##
## ---------------------- ##

This file was extended by config.status, which was
generated by GNU Autoconf 2.59.  Invocation command line was

  CONFIG_FILES    = 
  CONFIG_HEADERS  = 
  CONFIG_LINKS    = 
  CONFIG_COMMANDS = 
  $ ./config.status 

on atomcool.rice.edu

config.status:728: creating Makefile
config.status:728: creating Doxyfile
config.status:728: creating CCfits.pc
config.status:728: creating vs.net/Makefile
config.status:832: creating config.h
config.status:948: config.h is unchanged
config.status:1128: executing depfiles commands
configure:21084: result:
        CCFits project now configured.


## ---------------- ##
## Cache variables. ##
## ---------------- ##

ac_cv_build=i686-pc-linux-gnu
ac_cv_build_alias=i686-pc-linux-gnu
ac_cv_c_compiler_gnu=yes
ac_cv_cxx_compiler_gnu=yes
ac_cv_cxx_have_valarray=yes
ac_cv_cxx_namespaces=yes
ac_cv_env_CC_set=
ac_cv_env_CC_value=
ac_cv_env_CFLAGS_set=
ac_cv_env_CFLAGS_value=
ac_cv_env_CPPFLAGS_set=
ac_cv_env_CPPFLAGS_value=
ac_cv_env_CPP_set=
ac_cv_env_CPP_value=
ac_cv_env_CXXCPP_set=
ac_cv_env_CXXCPP_value=
ac_cv_env_CXXFLAGS_set=
ac_cv_env_CXXFLAGS_value=
ac_cv_env_CXX_set=
ac_cv_env_CXX_value=
ac_cv_env_F77_set=
ac_cv_env_F77_value=
ac_cv_env_FFLAGS_set=
ac_cv_env_FFLAGS_value=
ac_cv_env_LDFLAGS_set=
ac_cv_env_LDFLAGS_value=
ac_cv_env_build_alias_set=
ac_cv_env_build_alias_value=
ac_cv_env_host_alias_set=
ac_cv_env_host_alias_value=
ac_cv_env_target_alias_set=
ac_cv_env_target_alias_value=
ac_cv_exeext=
ac_cv_f77_compiler_gnu=yes
ac_cv_header_dlfcn_h=yes
ac_cv_header_fitsio_h=yes
ac_cv_header_inttypes_h=yes
ac_cv_header_memory_h=yes
ac_cv_header_sstream=yes
ac_cv_header_stdc=yes
ac_cv_header_stdint_h=yes
ac_cv_header_stdlib_h=yes
ac_cv_header_string_h=yes
ac_cv_header_strings_h=yes
ac_cv_header_sys_stat_h=yes
ac_cv_header_sys_types_h=yes
ac_cv_header_unistd_h=yes
ac_cv_host=i686-pc-linux-gnu
ac_cv_host_alias=i686-pc-linux-gnu
ac_cv_lib_cfitsio_ffpss=yes
ac_cv_lib_stdcpp_main=yes
ac_cv_objext=o
ac_cv_path_install='/usr/bin/install -c'
ac_cv_path_pfk_cxx_lib_path=/usr/bin/g++
ac_cv_prog_AWK=gawk
ac_cv_prog_CPP='g++ -E'
ac_cv_prog_CXXCPP='g++ -E'
ac_cv_prog_GMAKE=gmake
ac_cv_prog_ac_ct_AR=ar
ac_cv_prog_ac_ct_CC=g++
ac_cv_prog_ac_ct_CXX=g++
ac_cv_prog_ac_ct_F77=g77
ac_cv_prog_ac_ct_RANLIB=ranlib
ac_cv_prog_ac_ct_STRIP=strip
ac_cv_prog_cc_g=yes
ac_cv_prog_cc_stdc=no
ac_cv_prog_cxx_g=yes
ac_cv_prog_egrep='grep -E'
ac_cv_prog_f77_g=yes
ac_cv_prog_make_make_set=yes
ac_cv_target=i686-pc-linux-gnu
ac_cv_target_alias=i686-pc-linux-gnu
am_cv_CC_dependencies_compiler_type=gcc3
am_cv_CXX_dependencies_compiler_type=gcc3
lt_cv_deplibs_check_method=pass_all
lt_cv_file_magic_cmd='$MAGIC_CMD'
lt_cv_file_magic_test_file=
lt_cv_ld_reload_flag=-r
lt_cv_objdir=.libs
lt_cv_path_LD=/usr/bin/ld
lt_cv_path_LDCXX=/usr/bin/ld
lt_cv_path_NM='/usr/bin/nm -B'
lt_cv_path_SED=/bin/sed
lt_cv_prog_compiler_c_o=yes
lt_cv_prog_compiler_c_o_CXX=yes
lt_cv_prog_compiler_c_o_F77=yes
lt_cv_prog_compiler_rtti_exceptions=yes
lt_cv_prog_gnu_ld=yes
lt_cv_prog_gnu_ldcxx=yes
lt_cv_sys_global_symbol_pipe='sed -n -e '\''s/^.*[ 	]\([ABCDGIRSTW][ABCDGIRSTW]*\)[ 	][ 	]*\([_A-Za-z][_A-Za-z0-9]*\)$/\1 \2 \2/p'\'''
lt_cv_sys_global_symbol_to_c_name_address='sed -n -e '\''s/^: \([^ ]*\) $/  {\"\1\", (lt_ptr) 0},/p'\'' -e '\''s/^[BCDEGRST] \([^ ]*\) \([^ ]*\)$/  {"\2", (lt_ptr) \&\2},/p'\'''
lt_cv_sys_global_symbol_to_cdecl='sed -n -e '\''s/^. .* \(.*\)$/extern int \1;/p'\'''
lt_cv_sys_max_cmd_len=32768
lt_lt_cv_prog_compiler_c_o='"yes"'
lt_lt_cv_prog_compiler_c_o_CXX='"yes"'
lt_lt_cv_prog_compiler_c_o_F77='"yes"'
lt_lt_cv_sys_global_symbol_pipe='"sed -n -e '\''s/^.*[ 	]\\([ABCDGIRSTW][ABCDGIRSTW]*\\)[ 	][ 	]*\\([_A-Za-z][_A-Za-z0-9]*\\)\$/\\1 \\2 \\2/p'\''"'
lt_lt_cv_sys_global_symbol_to_c_name_address='"sed -n -e '\''s/^: \\([^ ]*\\) \$/  {\\\"\\1\\\", (lt_ptr) 0},/p'\'' -e '\''s/^[BCDEGRST] \\([^ ]*\\) \\([^ ]*\\)\$/  {\"\\2\", (lt_ptr) \\&\\2},/p'\''"'
lt_lt_cv_sys_global_symbol_to_cdecl='"sed -n -e '\''s/^. .* \\(.*\\)\$/extern int \\1;/p'\''"'

## ----------------- ##
## Output variables. ##
## ----------------- ##

ACLOCAL='${SHELL} /lab/software/apparatus3/cpp/CCfits/config/missing --run aclocal-1.9'
AMDEPBACKSLASH='\'
AMDEP_FALSE='#'
AMDEP_TRUE=''
AMTAR='${SHELL} /lab/software/apparatus3/cpp/CCfits/config/missing --run tar'
AR='ar'
AUTOCONF='${SHELL} /lab/software/apparatus3/cpp/CCfits/config/missing --run autoconf'
AUTOHEADER='${SHELL} /lab/software/apparatus3/cpp/CCfits/config/missing --run autoheader'
AUTOMAKE='${SHELL} /lab/software/apparatus3/cpp/CCfits/config/missing --run automake-1.9'
AWK='gawk'
CC='g++'
CCDEPMODE='depmode=gcc3'
CFLAGS='-g -O2 -Wall -ansi'
CPP='g++ -E'
CPPFLAGS=' -I/lab/software/apparatus3/cpp/cfitsio/'
CXX='g++'
CXXCPP='g++ -E'
CXXDEPMODE='depmode=gcc3'
CXXFLAGS='-g -O2 -Wall -ansi'
CXX_LIB_PATH='/usr/lib'
CYGPATH_W='echo'
DEFS='-DHAVE_CONFIG_H'
DEPDIR='.deps'
ECHO='echo'
ECHO_C=''
ECHO_N='-n'
ECHO_T=''
EGREP='grep -E'
EXEEXT=''
F77='g77'
FFLAGS='-g -O2'
GMAKE='gmake'
INSTALL_DATA='${INSTALL} -m 644'
INSTALL_PROGRAM='${INSTALL}'
INSTALL_SCRIPT='${INSTALL}'
INSTALL_STRIP_PROGRAM='${SHELL} $(install_sh) -c -s'
LDFLAGS=' -L/lab/software/apparatus3/cpp/cfitsio/'
LIBOBJS=''
LIBS='-lcfitsio '
LIBSTDCPP='lstdc++'
LIBTOOL='$(SHELL) $(top_builddir)/libtool'
LN_S='ln -s'
LTLIBOBJS=''
MAKEINFO='${SHELL} /lab/software/apparatus3/cpp/CCfits/config/missing --run makeinfo'
OBJEXT='o'
PACKAGE='CCfits'
PACKAGE_BUGREPORT=''
PACKAGE_NAME=''
PACKAGE_STRING=''
PACKAGE_TARNAME=''
PACKAGE_VERSION=''
PATH_SEPARATOR=':'
RANLIB='ranlib'
RDFLAGS='/lab/software/apparatus3/cpp/cfitsio/'
SED='/bin/sed'
SET_MAKE=''
SHELL='/bin/sh'
STLPORT=''
STRIP='strip'
VERSION='2.4'
ac_ct_AR='ar'
ac_ct_CC='g++'
ac_ct_CXX='g++'
ac_ct_F77='g77'
ac_ct_RANLIB='ranlib'
ac_ct_STRIP='strip'
am__fastdepCC_FALSE='#'
am__fastdepCC_TRUE=''
am__fastdepCXX_FALSE='#'
am__fastdepCXX_TRUE=''
am__include='include'
am__leading_dot='.'
am__quote=''
am__tar='${AMTAR} chof - "$$tardir"'
am__untar='${AMTAR} xf -'
bindir='${exec_prefix}/bin'
build='i686-pc-linux-gnu'
build_alias=''
build_cpu='i686'
build_os='linux-gnu'
build_vendor='pc'
datadir='${prefix}/share'
exec_prefix='${prefix}'
host='i686-pc-linux-gnu'
host_alias=''
host_cpu='i686'
host_os='linux-gnu'
host_vendor='pc'
includedir='${prefix}/include'
infodir='${prefix}/info'
install_sh='/lab/software/apparatus3/cpp/CCfits/config/install-sh'
libdir='${exec_prefix}/lib'
libexecdir='${exec_prefix}/libexec'
localstatedir='${prefix}/var'
mandir='${prefix}/man'
mkdir_p='mkdir -p --'
oldincludedir='/usr/include'
pfk_cxx_lib_path='/usr/bin/g++'
prefix='/usr/local'
program_transform_name='s,x,x,'
sbindir='${exec_prefix}/sbin'
sharedstatedir='${prefix}/com'
sysconfdir='${prefix}/etc'
target='i686-pc-linux-gnu'
target_alias=''
target_cpu='i686'
target_os='linux-gnu'
target_vendor='pc'

## ----------- ##
## confdefs.h. ##
## ----------- ##

#define HAVE_DLFCN_H 1
#define HAVE_INTTYPES_H 1
#define HAVE_LIBCFITSIO 1
#define HAVE_MEMORY_H 1
#define HAVE_NAMESPACES
#define HAVE_PKG_cfitsio 1
#define HAVE_STDINT_H 1
#define HAVE_STDLIB_H 1
#define HAVE_STRINGS_H 1
#define HAVE_STRING_H 1
#define HAVE_SYS_STAT_H 1
#define HAVE_SYS_TYPES_H 1
#define HAVE_UNISTD_H 1
#define HAVE_VALARRAY
#define PACKAGE "CCfits"
#define PACKAGE_BUGREPORT ""
#define PACKAGE_NAME ""
#define PACKAGE_STRING ""
#define PACKAGE_TARNAME ""
#define PACKAGE_VERSION ""
#define STDC_HEADERS 1
#define VERSION "2.4"
#endif
#ifdef __cplusplus
extern "C" void std::exit (int) throw (); using std::exit;

configure: exit 0
